# JRE version: OpenJDK Runtime Environment (8.0_112-b06) (build 1.8.0_112-release-b06)
# Java VM: OpenJDK 64-Bit Server VM (25.112-b06 mixed mode windows-amd64 compressed oops)
Heap:
 PSYoungGen      total 481280K, used 446667K [0x00000000e0000000, 0x0000000100000000, 0x0000000100000000)
  eden space 438272K, 92% used [0x00000000e0000000,0x00000000f8a39748,0x00000000fac00000)
  from space 43008K, 99% used [0x00000000fac00000,0x00000000fd5f9830,0x00000000fd600000)
  to   space 43008K, 0% used [0x00000000fd600000,0x00000000fd600000,0x0000000100000000)
 ParOldGen       total 219136K, used 126392K [0x00000000a0000000, 0x00000000ad600000, 0x00000000e0000000)
  object space 219136K, 57% used [0x00000000a0000000,0x00000000a7b6e200,0x00000000ad600000)
 Metaspace       used 111855K, capacity 121032K, committed 121176K, reserved 1155072K
  class space    used 13548K, capacity 14874K, committed 14976K, reserved 1048576K
GC Heap History (10 events):
Event: 27630.169 GC heap before
{Heap before GC invocations=65 (full 4):
 PSYoungGen      total 479744K, used 447781K [0x00000000e0000000, 0x00000000ffd80000, 0x0000000100000000)
  eden space 440320K, 99% used [0x00000000e0000000,0x00000000fad0fab0,0x00000000fae00000)
  from space 39424K, 21% used [0x00000000fd400000,0x00000000fdc39b90,0x00000000ffa80000)
  to   space 38912K, 0% used [0x00000000fae00000,0x00000000fae00000,0x00000000fd400000)
 ParOldGen       total 219136K, used 117422K [0x00000000a0000000, 0x00000000ad600000, 0x00000000e0000000)
  object space 219136K, 53% used [0x00000000a0000000,0x00000000a72ab9f8,0x00000000ad600000)
 Metaspace       used 97360K, capacity 104700K, committed 104792K, reserved 1140736K
  class space    used 11669K, capacity 12633K, committed 12672K, reserved 1048576K
Event: 27630.185 GC heap after
Heap after GC invocations=65 (full 4):
 PSYoungGen      total 479232K, used 17253K [0x00000000e0000000, 0x00000000ffc80000, 0x0000000100000000)
  eden space 440320K, 0% used [0x00000000e0000000,0x00000000e0000000,0x00000000fae00000)
  from space 38912K, 44% used [0x00000000fae00000,0x00000000fbed94c8,0x00000000fd400000)
  to   space 37376K, 0% used [0x00000000fd800000,0x00000000fd800000,0x00000000ffc80000)
 ParOldGen       total 219136K, used 117526K [0x00000000a0000000, 0x00000000ad600000, 0x00000000e0000000)
  object space 219136K, 53% used [0x00000000a0000000,0x00000000a72c5a08,0x00000000ad600000)
 Metaspace       used 97360K, capacity 104700K, committed 104792K, reserved 1140736K
  class space    used 11669K, capacity 12633K, committed 12672K, reserved 1048576K
}
Event: 29090.857 GC heap before
{Heap before GC invocations=66 (full 4):
 PSYoungGen      total 479232K, used 457573K [0x00000000e0000000, 0x00000000ffc80000, 0x0000000100000000)
  eden space 440320K, 100% used [0x00000000e0000000,0x00000000fae00000,0x00000000fae00000)
  from space 38912K, 44% used [0x00000000fae00000,0x00000000fbed94c8,0x00000000fd400000)
  to   space 37376K, 0% used [0x00000000fd800000,0x00000000fd800000,0x00000000ffc80000)
 ParOldGen       total 219136K, used 117526K [0x00000000a0000000, 0x00000000ad600000, 0x00000000e0000000)
  object space 219136K, 53% used [0x00000000a0000000,0x00000000a72c5a08,0x00000000ad600000)
 Metaspace       used 97656K, capacity 105160K, committed 105432K, reserved 1142784K
  class space    used 11708K, capacity 12710K, committed 12800K, reserved 1048576K
Event: 29090.874 GC heap after
Heap after GC invocations=66 (full 4):
 PSYoungGen      total 483840K, used 13242K [0x00000000e0000000, 0x00000000ffb80000, 0x0000000100000000)
  eden space 447488K, 0% used [0x00000000e0000000,0x00000000e0000000,0x00000000fb500000)
  from space 36352K, 36% used [0x00000000fd800000,0x00000000fe4eeaa8,0x00000000ffb80000)
  to   space 35840K, 0% used [0x00000000fb500000,0x00000000fb500000,0x00000000fd800000)
 ParOldGen       total 219136K, used 117550K [0x00000000a0000000, 0x00000000ad600000, 0x00000000e0000000)
  object space 219136K, 53% used [0x00000000a0000000,0x00000000a72cba08,0x00000000ad600000)
 Metaspace       used 97656K, capacity 105160K, committed 105432K, reserved 1142784K
  class space    used 11708K, capacity 12710K, committed 12800K, reserved 1048576K
}
Event: 29537.933 GC heap before
{Heap before GC invocations=67 (full 4):
 PSYoungGen      total 483840K, used 460730K [0x00000000e0000000, 0x00000000ffb80000, 0x0000000100000000)
  eden space 447488K, 100% used [0x00000000e0000000,0x00000000fb500000,0x00000000fb500000)
  from space 36352K, 36% used [0x00000000fd800000,0x00000000fe4eeaa8,0x00000000ffb80000)
  to   space 35840K, 0% used [0x00000000fb500000,0x00000000fb500000,0x00000000fd800000)
 ParOldGen       total 219136K, used 117550K [0x00000000a0000000, 0x00000000ad600000, 0x00000000e0000000)
  object space 219136K, 53% used [0x00000000a0000000,0x00000000a72cba08,0x00000000ad600000)
 Metaspace       used 98108K, capacity 105934K, committed 106072K, reserved 1142784K
  class space    used 11766K, capacity 12814K, committed 12928K, reserved 1048576K
Event: 29537.961 GC heap after
Heap after GC invocations=67 (full 4):
 PSYoungGen      total 483328K, used 31381K [0x00000000e0000000, 0x0000000100000000, 0x0000000100000000)
  eden space 447488K, 0% used [0x00000000e0000000,0x00000000e0000000,0x00000000fb500000)
  from space 35840K, 87% used [0x00000000fb500000,0x00000000fd3a5798,0x00000000fd800000)
  to   space 39424K, 0% used [0x00000000fd980000,0x00000000fd980000,0x0000000100000000)
 ParOldGen       total 219136K, used 117598K [0x00000000a0000000, 0x00000000ad600000, 0x00000000e0000000)
  object space 219136K, 53% used [0x00000000a0000000,0x00000000a72d7a08,0x00000000ad600000)
 Metaspace       used 98108K, capacity 105934K, committed 106072K, reserved 1142784K
  class space    used 11766K, capacity 12814K, committed 12928K, reserved 1048576K
}
Event: 29565.786 GC heap before
{Heap before GC invocations=68 (full 4):
 PSYoungGen      total 483328K, used 478869K [0x00000000e0000000, 0x0000000100000000, 0x0000000100000000)
  eden space 447488K, 100% used [0x00000000e0000000,0x00000000fb500000,0x00000000fb500000)
  from space 35840K, 87% used [0x00000000fb500000,0x00000000fd3a5798,0x00000000fd800000)
  to   space 39424K, 0% used [0x00000000fd980000,0x00000000fd980000,0x0000000100000000)
 ParOldGen       total 219136K, used 117598K [0x00000000a0000000, 0x00000000ad600000, 0x00000000e0000000)
  object space 219136K, 53% used [0x00000000a0000000,0x00000000a72d7a08,0x00000000ad600000)
 Metaspace       used 108572K, capacity 117504K, committed 117720K, reserved 1153024K
  class space    used 13185K, capacity 14494K, committed 14592K, reserved 1048576K
Event: 29565.821 GC heap after
Heap after GC invocations=68 (full 4):
 PSYoungGen      total 477696K, used 34241K [0x00000000e0000000, 0x0000000100000000, 0x0000000100000000)
  eden space 438272K, 0% used [0x00000000e0000000,0x00000000e0000000,0x00000000fac00000)
  from space 39424K, 86% used [0x00000000fd980000,0x00000000ffaf0730,0x0000000100000000)
  to   space 43008K, 0% used [0x00000000fac00000,0x00000000fac00000,0x00000000fd600000)
 ParOldGen       total 219136K, used 117630K [0x00000000a0000000, 0x00000000ad600000, 0x00000000e0000000)
  object space 219136K, 53% used [0x00000000a0000000,0x00000000a72dfa08,0x00000000ad600000)
 Metaspace       used 108572K, capacity 117504K, committed 117720K, reserved 1153024K
  class space    used 13185K, capacity 14494K, committed 14592K, reserved 1048576K
}
Event: 29658.707 GC heap before
{Heap before GC invocations=69 (full 4):
 PSYoungGen      total 477696K, used 472513K [0x00000000e0000000, 0x0000000100000000, 0x0000000100000000)
  eden space 438272K, 100% used [0x00000000e0000000,0x00000000fac00000,0x00000000fac00000)
  from space 39424K, 86% used [0x00000000fd980000,0x00000000ffaf0730,0x0000000100000000)
  to   space 43008K, 0% used [0x00000000fac00000,0x00000000fac00000,0x00000000fd600000)
 ParOldGen       total 219136K, used 117630K [0x00000000a0000000, 0x00000000ad600000, 0x00000000e0000000)
  object space 219136K, 53% used [0x00000000a0000000,0x00000000a72dfa08,0x00000000ad600000)
 Metaspace       used 111729K, capacity 120784K, committed 120920K, reserved 1155072K
  class space    used 13536K, capacity 14862K, committed 14976K, reserved 1048576K
Event: 29658.784 GC heap after
Heap after GC invocations=69 (full 4):
 PSYoungGen      total 481280K, used 42982K [0x00000000e0000000, 0x0000000100000000, 0x0000000100000000)
  eden space 438272K, 0% used [0x00000000e0000000,0x00000000e0000000,0x00000000fac00000)
  from space 43008K, 99% used [0x00000000fac00000,0x00000000fd5f9830,0x00000000fd600000)
  to   space 43008K, 0% used [0x00000000fd600000,0x00000000fd600000,0x0000000100000000)
 ParOldGen       total 219136K, used 126392K [0x00000000a0000000, 0x00000000ad600000, 0x00000000e0000000)
  object space 219136K, 57% used [0x00000000a0000000,0x00000000a7b6e200,0x00000000ad600000)
 Metaspace       used 111729K, capacity 120784K, committed 120920K, reserved 1155072K
  class space    used 13536K, capacity 14862K, committed 14976K, reserved 1048576K
}

